<?xml version="1.0" encoding="UTF-8"?>
<!-- Generated by org.testng.reporters.JUnitReportReporter -->
<testsuite hostname="DESKTOP-LTHSOIN" name="simpleproject.Demo1Test" tests="1" failures="0" timestamp="3 Jul 2019 07:47:26 GMT" time="17.943" errors="0">
  <testcase name="FirstTest" time="17.943" classname="simpleproject.Demo1Test"/>
</testsuite> <!-- simpleproject.Demo1Test -->
